2024-11-09 11:42:08,639 - INFO - 配置文件加载成功
2024-11-09 11:42:08,790 - INFO - 成功加载监控器: jiangnan
2024-11-09 11:42:08,792 - INFO - 成功加载监控器: jshrss
2024-11-09 11:42:08,793 - INFO - 成功加载监控器: shu
2024-11-09 11:42:08,794 - INFO - 成功加载监控器: hhu
2024-11-09 11:42:08,795 - INFO - 成功加载监控器: muc
2024-11-09 11:42:08,795 - INFO - 开始监控网站...
2024-11-09 11:42:10,493 - INFO - 邮件发送成功
2024-11-09 11:42:40,883 - INFO - 监控已停止
2024-11-09 11:54:53,334 - INFO - 配置文件加载成功
2024-11-09 11:54:53,478 - INFO - 成功加载监控器: jiangnan
2024-11-09 11:54:53,479 - INFO - 成功加载监控器: jshrss
2024-11-09 11:54:53,479 - INFO - 成功加载监控器: shu
2024-11-09 11:54:53,479 - INFO - 成功加载监控器: hhu
2024-11-09 11:54:53,479 - INFO - 成功加载监控器: muc
2024-11-09 11:54:53,480 - INFO - 成功加载监控器: shandong
2024-11-09 11:54:53,481 - INFO - 成功加载监控器: zhejiang
2024-11-09 11:54:53,481 - INFO - 开始监控网站...
2024-11-09 11:54:55,796 - INFO - 邮件发送成功
2024-11-09 15:12:31,767 - INFO - 监控已停止
